<?xml version="1.0" encoding="UTF-8"?>
<testng-results ignored="0" total="2" passed="2" failed="0" skipped="0">
  <reporter-output>
  </reporter-output>
  <suite started-at="2023-12-12T11:36:29 IST" name="Default suite" finished-at="2023-12-12T11:36:40 IST" duration-ms="11080">
    <groups>
    </groups>
    <test started-at="2023-12-12T11:36:29 IST" name="Default test" finished-at="2023-12-12T11:36:40 IST" duration-ms="11080">
      <class name="tests.AutomationFlow">
        <test-method is-config="true" signature="setup()[pri:0, instance:tests.AutomationFlow@5890e879]" started-at="2023-12-12T11:36:29 IST" name="setup" finished-at="2023-12-12T11:36:35 IST" duration-ms="5705" status="PASS">
          <reporter-output>
          </reporter-output>
        </test-method> <!-- setup -->
        <test-method signature="scroll_up_and_down_using_arrowbutton()[pri:25, instance:tests.AutomationFlow@5890e879]" started-at="2023-12-12T11:36:35 IST" name="scroll_up_and_down_using_arrowbutton" finished-at="2023-12-12T11:36:37 IST" duration-ms="2535" status="PASS">
          <reporter-output>
          </reporter-output>
        </test-method> <!-- scroll_up_and_down_using_arrowbutton -->
        <test-method signature="scroll_up_and_down_withour_using_arrowbutton()[pri:26, instance:tests.AutomationFlow@5890e879]" started-at="2023-12-12T11:36:37 IST" name="scroll_up_and_down_withour_using_arrowbutton" finished-at="2023-12-12T11:36:40 IST" duration-ms="2812" status="PASS">
          <reporter-output>
          </reporter-output>
        </test-method> <!-- scroll_up_and_down_withour_using_arrowbutton -->
        <test-method is-config="true" signature="closeBrowser()[pri:0, instance:tests.AutomationFlow@5890e879]" started-at="2023-12-12T11:36:40 IST" name="closeBrowser" finished-at="2023-12-12T11:36:40 IST" duration-ms="164" status="PASS">
          <reporter-output>
          </reporter-output>
        </test-method> <!-- closeBrowser -->
      </class> <!-- tests.AutomationFlow -->
    </test> <!-- Default test -->
  </suite> <!-- Default suite -->
</testng-results>
